<?xml version="1.0" encoding="UTF-8"?>
<!-- Generated by org.testng.reporters.JUnitXMLReporter -->
<testsuite ignored="0" hostname="DESKTOP-75EDE39" failures="1" tests="10" name="TestNG" time="116.435" errors="0" timestamp="2024-05-13T14:16:25 COT">
  <testcase classname="testCases.TC_001_AccountRegistrationTest" name="verifyAccountRegistration" time="1.634"/>
  <testcase classname="testCases.TC_003_LoginDDT" name="verifyLoginDDT" time="3.209"/>
  <testcase classname="testCases.TC_003_LoginDDT" name="verifyLoginDDT" time="12.485"/>
  <testcase classname="testCases.TC_003_LoginDDT" name="verifyLoginDDT" time="12.486"/>
  <testcase classname="testCases.TC_003_LoginDDT" name="verifyLoginDDT" time="12.56"/>
  <testcase classname="testCases.TC_003_LoginDDT" name="verifyLoginDDT" time="12.516">
    <failure type="java.lang.AssertionError" message="expected [true] but found [false]">
      <![CDATA[java.lang.AssertionError: expected [true] but found [false]
at testCases.TC_003_LoginDDT.verifyLoginDDT(TC_003_LoginDDT.java:45)
at java.base/java.util.ArrayList.forEach(ArrayList.java:1541)
... Removed 31 stack frames]]>
    </failure>
  </testcase> <!-- verifyLoginDDT -->
  <testcase classname="testCases.TC_002_LoginTest" name="verifyLogin" time="1.057"/>
  <testcase classname="testCases.TC_004_SearchProductTest" name="verifyPropductSearch" time="0.902"/>
  <testcase classname="testCases.TC_005_AddToCartPageTest" name="verifyAddToCart" time="1.518"/>
  <testcase classname="testCases.TC_006_EndToEndTest" name="endToendTest" time="47.095"/>
</testsuite> <!-- TestNG -->
