<?xml version="1.0" encoding="UTF-8"?>
<!-- Generated by org.testng.reporters.JUnitXMLReporter -->
<testsuite ignored="0" hostname="DESKTOP-75EDE39" failures="1" tests="10" name="TestNG" time="116.267" errors="0" timestamp="2024-05-13T14:23:07 COT">
  <testcase classname="testCases.TC_001_AccountRegistrationTest" name="verifyAccountRegistration" time="1.561"/>
  <testcase classname="testCases.TC_002_LoginTest" name="verifyLogin" time="0.992"/>
  <testcase classname="testCases.TC_003_LoginDDT" name="verifyLoginDDT" time="3.296"/>
  <testcase classname="testCases.TC_003_LoginDDT" name="verifyLoginDDT" time="12.568"/>
  <testcase classname="testCases.TC_003_LoginDDT" name="verifyLoginDDT" time="12.563"/>
  <testcase classname="testCases.TC_003_LoginDDT" name="verifyLoginDDT" time="12.596"/>
  <testcase classname="testCases.TC_003_LoginDDT" name="verifyLoginDDT" time="12.561">
    <failure type="java.lang.AssertionError" message="expected [true] but found [false]">
      <![CDATA[java.lang.AssertionError: expected [true] but found [false]
at testCases.TC_003_LoginDDT.verifyLoginDDT(TC_003_LoginDDT.java:45)
at java.base/java.util.ArrayList.forEach(ArrayList.java:1541)
... Removed 35 stack frames]]>
    </failure>
  </testcase> <!-- verifyLoginDDT -->
  <testcase classname="testCases.TC_004_SearchProductTest" name="verifyPropductSearch" time="0.929"/>
  <testcase classname="testCases.TC_005_AddToCartPageTest" name="verifyAddToCart" time="1.499"/>
  <testcase classname="testCases.TC_006_EndToEndTest" name="endToendTest" time="47.127"/>
</testsuite> <!-- TestNG -->
